<?xml version="1.0" encoding="UTF-8"?>
<!-- Generated by org.testng.reporters.JUnitXMLReporter -->
<testsuite hostname="saffron-H81M-S" ignored="0" name="Test7" tests="3" failures="0" timestamp="19 Mar 2019 10:00:29 GMT" time="188.728" errors="0">
  <testcase name="pastAdClickability" time="13.581" classname="com.qa.testCases.PastAdTest"/>
  <testcase name="pastAdPageTitletest" time="17.895" classname="com.qa.testCases.PastAdTest"/>
  <testcase name="noPastAdMessageTest" time="17.885" classname="com.qa.testCases.PastAdTest"/>
</testsuite> <!-- Test7 -->
