<?xml version="1.0" encoding="UTF-8"?>
<!-- Generated by org.testng.reporters.JUnitXMLReporter -->
<testsuite hostname="saffron-H81M-S" ignored="0" name="Test5" tests="6" failures="0" timestamp="19 Mar 2019 09:46:56 GMT" time="347.531" errors="0">
  <testcase name="loginTest" time="13.367" classname="com.qa.testCases.LoginPageTest"/>
  <testcase name="loginpageValidationTest" time="5.103" classname="com.qa.testCases.LoginPageTest"/>
  <testcase name="inValidEmailTest" time="5.411" classname="com.qa.testCases.LoginPageTest"/>
  <testcase name="loginWithNotMatchedRecoredsTest" time="5.483" classname="com.qa.testCases.LoginPageTest"/>
  <testcase name="forgotPasswordTest" time="15.301" classname="com.qa.testCases.LoginPageTest"/>
  <testcase name="ForgotPasswordToLoginPopUpSwitchTest" time="15.135" classname="com.qa.testCases.LoginPageTest"/>
</testsuite> <!-- Test5 -->
