<?xml version="1.0" encoding="UTF-8"?>
<!-- Generated by org.testng.reporters.JUnitXMLReporter -->
<testsuite hostname="saffron-H81M-S" ignored="0" name="Test4" tests="8" failures="0" timestamp="19 Mar 2019 09:41:08 GMT" time="609.17" errors="0">
  <testcase name="EnquirySectionTest" time="22.232" classname="com.qa.testCases.EnquiryPageTest"/>
  <testcase name="textboxPlaceholderTest" time="21.86" classname="com.qa.testCases.EnquiryPageTest"/>
  <testcase name="subjectFieldValidationMessageTest" time="31.145" classname="com.qa.testCases.EnquiryPageTest"/>
  <testcase name="descriptionFieldValidationMessageTest" time="31.622" classname="com.qa.testCases.EnquiryPageTest"/>
  <testcase name="sendEnquiryTest" time="29.624" classname="com.qa.testCases.EnquiryPageTest"/>
  <testcase name="emailidFieldDisabilityTest" time="28.356" classname="com.qa.testCases.EnquiryPageTest"/>
  <testcase name="remainingCharacterLengthDescriptionTest" time="22.606" classname="com.qa.testCases.EnquiryPageTest"/>
  <testcase name="chooseFileOfEnquirySectiontest" time="32.864" classname="com.qa.testCases.EnquiryPageTest"/>
</testsuite> <!-- Test4 -->
