<?xml version="1.0" encoding="UTF-8"?>
<!-- Generated by org.testng.reporters.JUnitXMLReporter -->
<testsuite hostname="saffron-H81M-S" ignored="0" name="Test10" tests="5" failures="0" timestamp="19 Mar 2019 10:26:05 GMT" time="240.049" errors="0">
  <testcase name="searchWithEmptyKeywordTest" time="0.062" classname="com.qa.testCases.SearchPageTest"/>
  <testcase name="searchButtonClickabilityTest" time="0.024" classname="com.qa.testCases.SearchPageTest"/>
  <testcase name="NoResultFoundOnSearchTest" time="2.572" classname="com.qa.testCases.SearchPageTest"/>
  <testcase name="verifySearchResultTest" time="4.221" classname="com.qa.testCases.SearchPageTest"/>
  <testcase name="placeholderTest" time="0.022" classname="com.qa.testCases.SearchPageTest"/>
</testsuite> <!-- Test10 -->
