<?xml version="1.0" encoding="UTF-8"?>
<!-- Generated by org.testng.reporters.JUnitXMLReporter -->
<testsuite hostname="saffron-H81M-S" ignored="0" name="Test3" tests="3" failures="0" timestamp="19 Mar 2019 09:30:59 GMT" time="207.784" errors="0">
  <testcase name="editButtonClickabilityTest" time="24.145" classname="com.qa.testCases.EditAdTest"/>
  <testcase name="UpdateAdTest" time="24.219" classname="com.qa.testCases.EditAdTest"/>
  <testcase name="UpdateAdPageTitleTest" time="20.834" classname="com.qa.testCases.EditAdTest"/>
</testsuite> <!-- Test3 -->
