<?xml version="1.0" encoding="UTF-8"?>
<!-- Generated by org.testng.reporters.JUnitXMLReporter -->
<testsuite hostname="saffron-H81M-S" ignored="0" name="Test6" tests="9" failures="0" timestamp="19 Mar 2019 09:57:20 GMT" time="624.339" errors="0">
  <testcase name="MyAccountButtonClickabilityTest" time="16.447" classname="com.qa.testCases.MyAccountPageTest"/>
  <testcase name="myAccountPageTitleTest" time="18.145" classname="com.qa.testCases.MyAccountPageTest"/>
  <testcase name="upGradeNowButtonClickabilityTest" time="21.443" classname="com.qa.testCases.MyAccountPageTest"/>
  <testcase name="editButtonClickabilityTest" time="17.89" classname="com.qa.testCases.MyAccountPageTest"/>
  <testcase name="fieldDisabilityTestBeforEdit" time="17.999" classname="com.qa.testCases.MyAccountPageTest"/>
  <testcase name="updateAccountInfoTest" time="23.548" classname="com.qa.testCases.MyAccountPageTest"/>
  <testcase name="upgradeNowPageTest" time="19.28" classname="com.qa.testCases.MyAccountPageTest"/>
  <testcase name="SubscriptioTypeButtonClickabilityTest" time="20.337" classname="com.qa.testCases.MyAccountPageTest"/>
  <testcase name="SwitchToPayPalLoginTest" time="29.129" classname="com.qa.testCases.MyAccountPageTest"/>
</testsuite> <!-- Test6 -->
